[+] Containers:
 |- [+] Container: /Game/FirstPerson/Maps/FirstPersonMap
 |   |- [+] ActorDescs:
 |   |   |- Guid:07E89056418CCB358B78A2984092C0C4 BaseClass:/Game/Platform/Disappearing.Disappearing_C NativeClass:/Script/Engine.Actor Name:Disappearing_C_UAID_14DDA9E691066F8F01_1257909703 Label:Disappearing SpatiallyLoaded:1 Bounds:IsValid=true, Min=(X=272.000 Y=-2858.000 Z=750.016), Max=(X=688.000 Y=-2442.000 Z=832.000) RuntimeGrid:None EditorOnly:0 RuntimeOnly:0 HLODRelevant:0
 |   |   |- Guid:0EDB289B45CB7E0977A6DBA74201EE76 BaseClass: NativeClass:/Script/Engine.StaticMeshActor Name:StaticMeshActor_10 Label:SM_Cube6 SpatiallyLoaded:1 Bounds:IsValid=true, Min=(X=1770.000 Y=-3640.000 Z=0.000), Max=(X=2070.000 Y=5985.000 Z=2575.000) RuntimeGrid:None EditorOnly:0 RuntimeOnly:0 HLODRelevant:0 FolderPath:Playground FolderGuid:6C02BB504B69D1F3D7A624B130C18E5B
 |   |   |- Guid:1206A92B4D8CFA93B9650CB08D28A37C BaseClass: NativeClass:/Script/Engine.StaticMeshActor Name:StaticMeshActor_UAID_14DDA9E691063E8D01_1264250975 Label:SM_Cube17 SpatiallyLoaded:1 Bounds:IsValid=true, Min=(X=-800.000 Y=-1775.000 Z=0.000), Max=(X=175.000 Y=-1700.000 Z=2575.000) RuntimeGrid:None EditorOnly:0 RuntimeOnly:0 HLODRelevant:0 FolderPath:Playground FolderGuid:6C02BB504B69D1F3D7A624B130C18E5B
 |   |   |- Guid:17D849F9402C3416445C72B591F85723 BaseClass: NativeClass:/Script/Engine.StaticMeshActor Name:StaticMeshActor_UAID_14DDA9E691063E8D01_1264247973 Label:SM_Cube16 SpatiallyLoaded:1 Bounds:IsValid=true, Min=(X=175.000 Y=-1765.000 Z=0.000), Max=(X=800.000 Y=-1690.000 Z=2085.000) RuntimeGrid:None EditorOnly:0 RuntimeOnly:0 HLODRelevant:0 FolderPath:Playground FolderGuid:6C02BB504B69D1F3D7A624B130C18E5B
 |   |   |- Guid:191A622C42FC2D52059356B23E304F39 BaseClass:/Game/BP_movable.BP_movable_C NativeClass:/Script/Engine.Actor Name:BP_movable_C_UAID_14DDA9E691067C8E01_1403767948 Label:BP_movable SpatiallyLoaded:1 Bounds:IsValid=true, Min=(X=-750.000 Y=-2520.000 Z=0.000), Max=(X=-700.000 Y=-2470.000 Z=70.000) RuntimeGrid:None EditorOnly:0 RuntimeOnly:0 HLODRelevant:0
 |   |   |- Guid:1FCB2109416645578BDBCDBBBF7EEA53 BaseClass: NativeClass:/Script/Engine.StaticMeshActor Name:StaticMeshActor_UAID_14DDA9E691067D8E01_1473117154 Label:SM_ChamferCube17 SpatiallyLoaded:1 Bounds:IsValid=true, Min=(X=1170.000 Y=-3040.000 Z=1200.000), Max=(X=1270.000 Y=-2940.000 Z=1300.000) RuntimeGrid:None EditorOnly:0 RuntimeOnly:0 HLODRelevant:0
 |   |   |- Guid:27F4DAF94474E8A1B645A2980F699FCE BaseClass: NativeClass:/Script/Engine.StaticMeshActor Name:StaticMeshActor_UAID_14DDA9E691067D8E01_1473113149 Label:SM_ChamferCube12 SpatiallyLoaded:1 Bounds:IsValid=true, Min=(X=1070.000 Y=-3040.000 Z=1400.000), Max=(X=1170.000 Y=-2940.000 Z=1500.000) RuntimeGrid:None EditorOnly:0 RuntimeOnly:0 HLODRelevant:0
 |   |   |- Guid:2E27DA5D430DAA3B512380949BD5A7EF BaseClass: NativeClass:/Script/Engine.StaticMeshActor Name:StaticMeshActor_UAID_14DDA9E691063E8D01_1303067976 Label:SM_Cube18 SpatiallyLoaded:1 Bounds:IsValid=true, Min=(X=-35.000 Y=-1705.000 Z=2010.000), Max=(X=965.000 Y=-1230.000 Z=2085.000) RuntimeGrid:None EditorOnly:0 RuntimeOnly:0 HLODRelevant:0 FolderPath:Playground FolderGuid:6C02BB504B69D1F3D7A624B130C18E5B
 |   |   |- Guid:379AF0BF49ECD343FA292C910D7259E7 BaseClass: NativeClass:/Script/Engine.StaticMeshActor Name:StaticMeshActor_UAID_14DDA9E691067B8E01_1909900765 Label:SM_Cube21 SpatiallyLoaded:1 Bounds:IsValid=true, Min=(X=-905.000 Y=-3630.000 Z=-60.000), Max=(X=-5.000 Y=-2730.000 Z=390.000) RuntimeGrid:None EditorOnly:0 RuntimeOnly:0 HLODRelevant:0 FolderPath:Playground FolderGuid:6C02BB504B69D1F3D7A624B130C18E5B
 |   |   |- Guid:39008FAF4FFD5238523F2A9312BB352D BaseClass:/Game/BP_movable.BP_movable_C NativeClass:/Script/Engine.Actor Name:BP_movable_C_UAID_14DDA9E691067C8E01_1688149953 Label:BP_movable6 SpatiallyLoaded:1 Bounds:IsValid=true, Min=(X=-230.000 Y=-3010.000 Z=390.000), Max=(X=-180.000 Y=-2960.000 Z=460.000) RuntimeGrid:None EditorOnly:0 RuntimeOnly:0 HLODRelevant:0
 |   |   |- Guid:3F2D1CF74DB2AB9CC149FDB3B6E100E1 BaseClass: NativeClass:/Script/Engine.StaticMeshActor Name:StaticMeshActor_UAID_14DDA9E691067D8E01_1473111147 Label:SM_ChamferCube10 SpatiallyLoaded:1 Bounds:IsValid=true, Min=(X=1270.000 Y=-3040.000 Z=1400.000), Max=(X=1370.000 Y=-2940.000 Z=1500.000) RuntimeGrid:None EditorOnly:0 RuntimeOnly:0 HLODRelevant:0
 |   |   |- Guid:3F8513C0472173337C068DA9F0F42A07 BaseClass:/Game/BP_movable.BP_movable_C NativeClass:/Script/Engine.Actor Name:BP_movable_C_UAID_14DDA9E691067C8E01_1412194952 Label:BP_movable5 SpatiallyLoaded:1 Bounds:IsValid=true, Min=(X=210.000 Y=-2220.000 Z=0.000), Max=(X=260.000 Y=-2170.000 Z=70.000) RuntimeGrid:None EditorOnly:0 RuntimeOnly:0 HLODRelevant:0
 |   |   |- Guid:446FFD874D561727069100BD2AF72A7A BaseClass:/Game/BP_movable.BP_movable_C NativeClass:/Script/Engine.Actor Name:BP_movable_C_UAID_14DDA9E691067C8E01_1693385955 Label:BP_movable8 SpatiallyLoaded:1 Bounds:IsValid=true, Min=(X=-160.000 Y=-3540.000 Z=390.000), Max=(X=-110.000 Y=-3490.000 Z=460.000) RuntimeGrid:None EditorOnly:0 RuntimeOnly:0 HLODRelevant:0
 |   |   |- Guid:49D959B94766E967DA17F1895E97DE1C BaseClass:/Game/BP_movable.BP_movable_C NativeClass:/Script/Engine.Actor Name:BP_movable_C_UAID_14DDA9E691067C8E01_1694760956 Label:BP_movable9 SpatiallyLoaded:1 Bounds:IsValid=true, Min=(X=-160.000 Y=-3550.000 Z=570.000), Max=(X=-110.000 Y=-3500.000 Z=640.000) RuntimeGrid:None EditorOnly:0 RuntimeOnly:0 HLODRelevant:0
 |   |   |- Guid:5129BC85422557604F0355B77289DD9D BaseClass:/Game/BP_holder.BP_holder_C NativeClass:/Script/Engine.Actor Name:BP_holder_C_UAID_14DDA9ED1DE20B9001_1413742161 Label:BP_holder SpatiallyLoaded:1 Bounds:IsValid=true, Min=(X=47.000 Y=-2078.537 Z=9.066), Max=(X=133.000 Y=-1998.000 Z=130.000) RuntimeGrid:None EditorOnly:0 RuntimeOnly:0 HLODRelevant:0
 |   |   |- Guid:51600D5B4BDB6029EA38C59EBA7EEA29 BaseClass: NativeClass:/Script/Engine.StaticMeshActor Name:StaticMeshActor_UAID_14DDA9E691067E8E01_1299745338 Label:SM_Cube10 SpatiallyLoaded:1 Bounds:IsValid=true, Min=(X=1090.000 Y=-3040.000 Z=1500.000), Max=(X=1365.000 Y=-2940.000 Z=1700.000) RuntimeGrid:None EditorOnly:0 RuntimeOnly:0 HLODRelevant:1
 |   |   |- Guid:52B1933B4B7FABCB7508CF9ED34941BE BaseClass: NativeClass:/Script/Engine.StaticMeshActor Name:StaticMeshActor_UAID_14DDA9E691067B8E01_1967243766 Label:SM_Cube22 SpatiallyLoaded:1 Bounds:IsValid=true, Min=(X=895.000 Y=-2630.000 Z=1200.000), Max=(X=1795.000 Y=-1730.000 Z=2000.000) RuntimeGrid:None EditorOnly:0 RuntimeOnly:0 HLODRelevant:0 FolderPath:Playground FolderGuid:6C02BB504B69D1F3D7A624B130C18E5B
 |   |   |- Guid:5A5927D7489DC9F5C8E9F1901B037781 BaseClass:/Game/BP_movable.BP_movable_C NativeClass:/Script/Engine.Actor Name:BP_movable_C_UAID_14DDA9E691067C8E01_2114065959 Label:BP_movable12 SpatiallyLoaded:1 Bounds:IsValid=true, Min=(X=580.000 Y=-3370.000 Z=790.000), Max=(X=630.000 Y=-3320.000 Z=860.000) RuntimeGrid:None EditorOnly:0 RuntimeOnly:0 HLODRelevant:0
 |   |   |- Guid:5C538DE44E9F6CAC7FACF5AE5F17399E BaseClass:/Game/BP_movable.BP_movable_C NativeClass:/Script/Engine.Actor Name:BP_movable_C_UAID_14DDA9E691067C8E01_1691596954 Label:BP_movable7 SpatiallyLoaded:1 Bounds:IsValid=true, Min=(X=-160.000 Y=-3370.000 Z=390.000), Max=(X=-110.000 Y=-3320.000 Z=460.000) RuntimeGrid:None EditorOnly:0 RuntimeOnly:0 HLODRelevant:0
 |   |   |- Guid:5FE7584649BB6F09265329A6C57CFD0D BaseClass: NativeClass:/Script/Engine.VolumetricCloud Name:VolumetricCloud_0 Label:VolumetricCloud SpatiallyLoaded:0 Bounds:IsValid=true, Min=(X=-710.000 Y=-3600.000 Z=1730.000), Max=(X=-710.000 Y=-3600.000 Z=1730.000) RuntimeGrid:None EditorOnly:0 RuntimeOnly:0 HLODRelevant:0 FolderPath:Lighting FolderGuid:0BA5F0A04EADB18E70D5B180D08FA34B
 |   |   |- Guid:61391D344900612A77DFC3BA3E354907 BaseClass: NativeClass:/Script/Engine.ExponentialHeightFog Name:ExponentialHeightFog_0 Label:ExponentialHeightFog SpatiallyLoaded:0 Bounds:IsValid=true, Min=(X=-5600.000 Y=-50.000 Z=-6850.000), Max=(X=-5600.000 Y=-50.000 Z=-6850.000) RuntimeGrid:None EditorOnly:0 RuntimeOnly:0 HLODRelevant:0 FolderPath:Lighting FolderGuid:0BA5F0A04EADB18E70D5B180D08FA34B
 |   |   |- Guid:61439236456EAF3B917213B40427ED63 BaseClass:/Game/BP_movable.BP_movable_C NativeClass:/Script/Engine.Actor Name:BP_movable_C_UAID_14DDA9E691067C8E01_1406571949 Label:BP_movable2 SpatiallyLoaded:1 Bounds:IsValid=true, Min=(X=-570.000 Y=-1860.000 Z=0.000), Max=(X=-520.000 Y=-1810.000 Z=70.000) RuntimeGrid:None EditorOnly:0 RuntimeOnly:0 HLODRelevant:0
 |   |   |- Guid:6FEFB3BD4EB37B849EF0D4AC80F83855 BaseClass: NativeClass:/Script/Engine.WorldDataLayers Name:WorldDataLayers Label:WorldDataLayers SpatiallyLoaded:0 Bounds:IsValid=true, Min=(X=0.000 Y=0.000 Z=0.000), Max=(X=0.000 Y=0.000 Z=0.000) RuntimeGrid:None EditorOnly:0 RuntimeOnly:0 HLODRelevant:0
 |   |   |- Guid:74BCC7B142ED21E33564648EF4E7B3DC BaseClass: NativeClass:/Script/Engine.StaticMeshActor Name:StaticMeshActor_UAID_14DDA9E691067E8E01_1238300337 Label:SM_Cube9 SpatiallyLoaded:1 Bounds:IsValid=true, Min=(X=895.000 Y=-3040.000 Z=1200.000), Max=(X=995.000 Y=-2940.000 Z=1500.000) RuntimeGrid:None EditorOnly:0 RuntimeOnly:0 HLODRelevant:1
 |   |   |- Guid:78CAF7514C7533F30BD2F19A017AAB65 BaseClass: NativeClass:/Script/Engine.StaticMeshActor Name:StaticMeshActor_0 Label:SM_Cube SpatiallyLoaded:1 Bounds:IsValid=true, Min=(X=-802.107 Y=-3640.000 Z=-275.000), Max=(X=1772.893 Y=5985.000 Z=0.000) RuntimeGrid:None EditorOnly:0 RuntimeOnly:0 HLODRelevant:1 FolderPath:Playground FolderGuid:6C02BB504B69D1F3D7A624B130C18E5B
 |   |   |- Guid:81F77E93409B5AF32B31889B9A91D2DB BaseClass: NativeClass:/Script/Engine.StaticMeshActor Name:StaticMeshActor_UAID_14DDA9E691067D8E01_1473112148 Label:SM_ChamferCube11 SpatiallyLoaded:1 Bounds:IsValid=true, Min=(X=1170.000 Y=-3040.000 Z=1400.000), Max=(X=1270.000 Y=-2940.000 Z=1500.000) RuntimeGrid:None EditorOnly:0 RuntimeOnly:0 HLODRelevant:0
 |   |   |- Guid:8559D1384B14F466E8927697A36C1D78 BaseClass: NativeClass:/Script/Engine.StaticMeshActor Name:StaticMeshActor_9 Label:SM_Cube5 SpatiallyLoaded:1 Bounds:IsValid=true, Min=(X=-1090.000 Y=-3630.000 Z=0.000), Max=(X=-790.000 Y=5970.000 Z=2575.000) RuntimeGrid:None EditorOnly:0 RuntimeOnly:0 HLODRelevant:1 FolderPath:Playground FolderGuid:6C02BB504B69D1F3D7A624B130C18E5B
 |   |   |- Guid:88AC7F014934159999C00590C56CA328 BaseClass: NativeClass:/Script/Engine.StaticMeshActor Name:StaticMeshActor_UAID_14DDA9E691063E8D01_1264249974 Label:SM_Cube14 SpatiallyLoaded:1 Bounds:IsValid=true, Min=(X=790.000 Y=-1775.000 Z=0.000), Max=(X=1765.000 Y=-1700.000 Z=2575.000) RuntimeGrid:None EditorOnly:0 RuntimeOnly:0 HLODRelevant:0 FolderPath:Playground FolderGuid:6C02BB504B69D1F3D7A624B130C18E5B
 |   |   |- Guid:88B1C6354EB17E72D0817FA67311C29C BaseClass: NativeClass:/Script/Engine.StaticMeshActor Name:StaticMeshActor_UAID_14DDA9E691063E8D01_1197111972 Label:SM_Cube13 SpatiallyLoaded:1 Bounds:IsValid=true, Min=(X=-800.000 Y=4795.000 Z=0.000), Max=(X=175.000 Y=4870.000 Z=2575.000) RuntimeGrid:None EditorOnly:0 RuntimeOnly:0 HLODRelevant:0 FolderPath:Playground FolderGuid:6C02BB504B69D1F3D7A624B130C18E5B
 |   |   |- Guid:890061AD4F87050B5414CB825D39DD1E BaseClass: NativeClass:/Script/Engine.StaticMeshActor Name:StaticMeshActor_UAID_14DDA9E691067D8E01_1473117153 Label:SM_ChamferCube16 SpatiallyLoaded:1 Bounds:IsValid=true, Min=(X=1270.000 Y=-3040.000 Z=1200.000), Max=(X=1370.000 Y=-2940.000 Z=1300.000) RuntimeGrid:None EditorOnly:0 RuntimeOnly:0 HLODRelevant:0
 |   |   |- Guid:8EF9EF994D0DF547E3D38D8B6150BD2C BaseClass:/Game/BP_holder.BP_holder_C NativeClass:/Script/Engine.Actor Name:BP_holder_C_UAID_14DDA9ED1DE20A9001_1699876983 Label:BP_holder SpatiallyLoaded:1 Bounds:IsValid=true, Min=(X=617.000 Y=-1568.537 Z=9.066), Max=(X=703.000 Y=-1488.000 Z=130.000) RuntimeGrid:None EditorOnly:0 RuntimeOnly:0 HLODRelevant:0
 |   |   |- Guid:90B7B8D3420C2EABA931D3A6A69DF696 BaseClass: NativeClass:/Script/Engine.StaticMeshActor Name:StaticMeshActor_3 Label:SM_Cube2 SpatiallyLoaded:1 Bounds:IsValid=true, Min=(X=-810.000 Y=-3940.000 Z=0.000), Max=(X=1790.000 Y=-3640.000 Z=2575.000) RuntimeGrid:None EditorOnly:0 RuntimeOnly:0 HLODRelevant:1 FolderPath:Playground FolderGuid:6C02BB504B69D1F3D7A624B130C18E5B
 |   |   |- Guid:9E90B2794B4AABA7971E5D8BA2D6B602 BaseClass: NativeClass:/Script/Engine.StaticMeshActor Name:StaticMeshActor_UAID_14DDA9E691063C8D01_1878082623 Label:SM_Cube15 SpatiallyLoaded:1 Bounds:IsValid=true, Min=(X=175.000 Y=4795.000 Z=490.000), Max=(X=800.000 Y=4870.000 Z=2575.000) RuntimeGrid:None EditorOnly:0 RuntimeOnly:0 HLODRelevant:0 FolderPath:Playground FolderGuid:6C02BB504B69D1F3D7A624B130C18E5B
 |   |   |- Guid:A354B1B24E617A525DC6B48CCDE2417E BaseClass: NativeClass:/Script/Engine.PlayerStart Name:PlayerStart_0 Label:PlayerStart SpatiallyLoaded:0 Bounds:IsValid=true, Min=(X=-71.269 Y=-2341.269 Z=60.013), Max=(X=31.269 Y=-2238.731 Z=244.013) RuntimeGrid:None EditorOnly:0 RuntimeOnly:0 HLODRelevant:0
 |   |   |- Guid:A6861BBD449E788441929C8335BCD432 BaseClass:/Game/BP_battery.BP_battery_C NativeClass:/Script/Engine.Actor Name:BP_battery_C_UAID_14DDA9ED1DE20A9001_1705113984 Label:BP_battery SpatiallyLoaded:1 Bounds:IsValid=true, Min=(X=646.938 Y=-1522.198 Z=672.767), Max=(X=696.938 Y=-1472.198 Z=774.455) RuntimeGrid:None EditorOnly:0 RuntimeOnly:0 HLODRelevant:0
 |   |   |- Guid:A764C5D6451B2B229D409F958DAB4736 BaseClass:/Game/BP_movable.BP_movable_C NativeClass:/Script/Engine.Actor Name:BP_movable_C_UAID_14DDA9E691067C8E01_1409115950 Label:BP_movable3 SpatiallyLoaded:1 Bounds:IsValid=true, Min=(X=810.000 Y=-2650.000 Z=0.000), Max=(X=860.000 Y=-2600.000 Z=70.000) RuntimeGrid:None EditorOnly:0 RuntimeOnly:0 HLODRelevant:0
 |   |   |- Guid:AB12ECEB44051DA90B61F480AE8683C0 BaseClass: NativeClass:/Script/Engine.StaticMeshActor Name:StaticMeshActor_UAID_14DDA9E691067B8E01_1863812764 Label:SM_Cube20 SpatiallyLoaded:1 Bounds:IsValid=true, Min=(X=-5.000 Y=-3630.000 Z=-85.000), Max=(X=895.000 Y=-2730.000 Z=790.000) RuntimeGrid:None EditorOnly:0 RuntimeOnly:0 HLODRelevant:0 FolderPath:Playground FolderGuid:6C02BB504B69D1F3D7A624B130C18E5B
 |   |   |- Guid:AB8D6EED46C9658A6DC6FA8334898EA7 BaseClass:/Game/BP_movable.BP_movable_C NativeClass:/Script/Engine.Actor Name:BP_movable_C_UAID_14DDA9E691067C8E01_2102375957 Label:BP_movable10 SpatiallyLoaded:1 Bounds:IsValid=true, Min=(X=580.000 Y=-3190.000 Z=790.000), Max=(X=630.000 Y=-3140.000 Z=860.000) RuntimeGrid:None EditorOnly:0 RuntimeOnly:0 HLODRelevant:0
 |   |   |- Guid:C0C56B9644AE3D40CAFF6A878DB29844 BaseClass: NativeClass:/Script/Engine.StaticMeshActor Name:StaticMeshActor_UAID_A4AE111137DC5EFB00_2001720423 Label:SM_SkySphere SpatiallyLoaded:0 Bounds:IsValid=true, Min=(X=-1641158.000 Y=-1644118.000 Z=-1637491.026), Max=(X=1639738.000 Y=1636778.000 Z=1639308.974) RuntimeGrid:None EditorOnly:0 RuntimeOnly:0 HLODRelevant:1 FolderPath:Lighting FolderGuid:0BA5F0A04EADB18E70D5B180D08FA34B
 |   |   |- Guid:C22CE07C4B87D685137FDBBC10FC92C6 BaseClass: NativeClass:/Script/Engine.SkyAtmosphere Name:SkyAtmosphere_0 Label:SkyAtmosphere SpatiallyLoaded:0 Bounds:IsValid=true, Min=(X=-710.000 Y=-3600.000 Z=1930.000), Max=(X=-710.000 Y=-3600.000 Z=1930.000) RuntimeGrid:None EditorOnly:0 RuntimeOnly:0 HLODRelevant:0 FolderPath:Lighting FolderGuid:0BA5F0A04EADB18E70D5B180D08FA34B
 |   |   |- Guid:CA061EBB4DE409DC8FFC7E8E5D312960 BaseClass: NativeClass:/Script/Engine.StaticMeshActor Name:StaticMeshActor_UAID_14DDA9E691063C8D01_1388418620 Label:SM_Cube12 SpatiallyLoaded:1 Bounds:IsValid=true, Min=(X=790.000 Y=4795.000 Z=0.000), Max=(X=1765.000 Y=4870.000 Z=2575.000) RuntimeGrid:None EditorOnly:0 RuntimeOnly:0 HLODRelevant:0 FolderPath:Playground FolderGuid:6C02BB504B69D1F3D7A624B130C18E5B
 |   |   |- Guid:CC00534E4E1415304A749A91853934A7 BaseClass: NativeClass:/Script/Engine.StaticMeshActor Name:StaticMeshActor_UAID_14DDA9E691067D8E01_1792567157 Label:SM_Ramp SpatiallyLoaded:1 Bounds:IsValid=true, Min=(X=1395.000 Y=-3540.000 Z=1200.000), Max=(X=1770.000 Y=-3040.000 Z=1500.000) RuntimeGrid:None EditorOnly:0 RuntimeOnly:0 HLODRelevant:1
 |   |   |- Guid:CC4C46B241EA7F863E8860A530660E3F BaseClass: NativeClass:/Script/Engine.PlayerStart Name:PlayerStart_UAID_14DDA9E691067D8E01_1473108146 Label:PlayerStart2 SpatiallyLoaded:0 Bounds:IsValid=true, Min=(X=1938.731 Y=-2189.987 Z=508.732), Max=(X=2041.269 Y=-2005.987 Z=611.269) RuntimeGrid:None EditorOnly:0 RuntimeOnly:0 HLODRelevant:0
 |   |   |- Guid:CE8D82634660FCDB3120E2B8D547C533 BaseClass: NativeClass:/Script/Engine.PostProcessVolume Name:PostProcessVolume_0 Label:PostProcessVolume SpatiallyLoaded:0 Bounds:IsValid=true, Min=(X=-710.000 Y=-3600.000 Z=1100.000), Max=(X=-410.000 Y=-3300.000 Z=1400.000) RuntimeGrid:None EditorOnly:0 RuntimeOnly:0 HLODRelevant:0 FolderPath:Lighting FolderGuid:0BA5F0A04EADB18E70D5B180D08FA34B
 |   |   |- Guid:D30A4CA24FE32E4895BB3FB024F40463 BaseClass: NativeClass:/Script/Engine.StaticMeshActor Name:StaticMeshActor_UAID_14DDA9E691067E8E01_1075958335 Label:SM_Cube8 SpatiallyLoaded:1 Bounds:IsValid=true, Min=(X=1395.000 Y=-2700.000 Z=1200.000), Max=(X=1770.000 Y=-2625.000 Z=1500.000) RuntimeGrid:None EditorOnly:0 RuntimeOnly:0 HLODRelevant:1
 |   |   |- Guid:D5E3364144696A5BD83470A90B3BAAAE BaseClass:/Game/BP_movable.BP_movable_C NativeClass:/Script/Engine.Actor Name:BP_movable_C_UAID_14DDA9E691067C8E01_2110421958 Label:BP_movable11 SpatiallyLoaded:1 Bounds:IsValid=true, Min=(X=430.000 Y=-3310.000 Z=790.000), Max=(X=480.000 Y=-3260.000 Z=860.000) RuntimeGrid:None EditorOnly:0 RuntimeOnly:0 HLODRelevant:0
 |   |   |- Guid:DB45FAEA4731E993FF4BEE895A39D451 BaseClass: NativeClass:/Script/Engine.StaticMeshActor Name:StaticMeshActor_UAID_14DDA9E691067D8E01_2103815158 Label:SM_Cube7 SpatiallyLoaded:1 Bounds:IsValid=true, Min=(X=1090.000 Y=-3040.000 Z=1700.000), Max=(X=1790.000 Y=-2615.000 Z=1750.000) RuntimeGrid:None EditorOnly:0 RuntimeOnly:0 HLODRelevant:1
 |   |   |- Guid:DCA4397C45F20EEAA12B2F80D538DEE1 BaseClass:/Game/BP_movable.BP_movable_C NativeClass:/Script/Engine.Actor Name:BP_movable_C_UAID_14DDA9E691067C8E01_1410779951 Label:BP_movable4 SpatiallyLoaded:1 Bounds:IsValid=true, Min=(X=820.000 Y=-2030.000 Z=0.000), Max=(X=870.000 Y=-1980.000 Z=70.000) RuntimeGrid:None EditorOnly:0 RuntimeOnly:0 HLODRelevant:0
 |   |   |- Guid:DF18E0FA48D74CFBD3B5CABCD9DA1187 BaseClass: NativeClass:/Script/Engine.StaticMeshActor Name:StaticMeshActor_UAID_14DDA9E691067D8E01_1755354156 Label:SM_Cube4 SpatiallyLoaded:1 Bounds:IsValid=true, Min=(X=895.000 Y=-2940.000 Z=1200.000), Max=(X=1395.000 Y=-2615.000 Z=1500.000) RuntimeGrid:None EditorOnly:0 RuntimeOnly:0 HLODRelevant:1
 |   |   |- Guid:E19987D14367913D952C41871E907A6A BaseClass: NativeClass:/Script/Engine.StaticMeshActor Name:StaticMeshActor_UAID_14DDA9E691067D8E01_1473118155 Label:SM_ChamferCube18 SpatiallyLoaded:1 Bounds:IsValid=true, Min=(X=1070.000 Y=-3040.000 Z=1200.000), Max=(X=1170.000 Y=-2940.000 Z=1300.000) RuntimeGrid:None EditorOnly:0 RuntimeOnly:0 HLODRelevant:0
 |   |   |- Guid:E5320C1B4FD9764CE7B54D8487AEC613 BaseClass: NativeClass:/Script/Engine.SkyLight Name:SkyLight_0 Label:SkyLight SpatiallyLoaded:0 Bounds:IsValid=true, Min=(X=-710.000 Y=-3600.000 Z=1535.000), Max=(X=-710.000 Y=-3600.000 Z=1535.000) RuntimeGrid:None EditorOnly:0 RuntimeOnly:0 HLODRelevant:0 FolderPath:Lighting FolderGuid:0BA5F0A04EADB18E70D5B180D08FA34B
 |   |   |- Guid:E9310F8B446E38277139CDAF3BBD376E BaseClass: NativeClass:/Script/Engine.StaticMeshActor Name:StaticMeshActor_UAID_14DDA9E691067D8E01_1473116152 Label:SM_ChamferCube15 SpatiallyLoaded:1 Bounds:IsValid=true, Min=(X=1070.000 Y=-3040.000 Z=1300.000), Max=(X=1170.000 Y=-2940.000 Z=1400.000) RuntimeGrid:None EditorOnly:0 RuntimeOnly:0 HLODRelevant:0
 |   |   |- Guid:EE1FF0B64828875C9119F8BD4D5B96C0 BaseClass: NativeClass:/Script/Engine.StaticMeshActor Name:StaticMeshActor_UAID_14DDA9E691067B8E01_1775087763 Label:SM_Cube19 SpatiallyLoaded:1 Bounds:IsValid=true, Min=(X=895.000 Y=-3630.000 Z=-75.000), Max=(X=1770.000 Y=-1755.000 Z=1200.000) RuntimeGrid:None EditorOnly:0 RuntimeOnly:0 HLODRelevant:0 FolderPath:Playground FolderGuid:6C02BB504B69D1F3D7A624B130C18E5B
 |   |   |- Guid:F07F1AF64C7C7C238EE1B4BF8C122DD8 BaseClass: NativeClass:/Script/Engine.StaticMeshActor Name:StaticMeshActor_4 Label:SM_Cube3 SpatiallyLoaded:1 Bounds:IsValid=true, Min=(X=-802.107 Y=5960.000 Z=0.000), Max=(X=1772.893 Y=6260.000 Z=2575.000) RuntimeGrid:None EditorOnly:0 RuntimeOnly:0 HLODRelevant:1 FolderPath:Playground FolderGuid:6C02BB504B69D1F3D7A624B130C18E5B
 |   |   |- Guid:F26AF65D4F541945DC73668A55B6F6F7 BaseClass:/Game/BP_battery.BP_battery_C NativeClass:/Script/Engine.Actor Name:BP_battery_C_UAID_14DDA9ED1DE20B9001_1424121162 Label:BP_battery SpatiallyLoaded:1 Bounds:IsValid=true, Min=(X=-83.062 Y=-2322.198 Z=2.767), Max=(X=-33.062 Y=-2272.198 Z=104.455) RuntimeGrid:None EditorOnly:0 RuntimeOnly:0 HLODRelevant:0
 |   |   |- Guid:F3A5BC644ADAB31DB598588F29B0211F BaseClass: NativeClass:/Script/Engine.StaticMeshActor Name:StaticMeshActor_UAID_14DDA9E691067D8E01_1473114150 Label:SM_ChamferCube13 SpatiallyLoaded:1 Bounds:IsValid=true, Min=(X=1270.000 Y=-3040.000 Z=1300.000), Max=(X=1370.000 Y=-2940.000 Z=1400.000) RuntimeGrid:None EditorOnly:0 RuntimeOnly:0 HLODRelevant:0
 |   |   |- Guid:F80621C9446867154938FE81375207DA BaseClass: NativeClass:/Script/Engine.DirectionalLight Name:DirectionalLight_1 Label:DirectionalLight SpatiallyLoaded:0 Bounds:IsValid=true, Min=(X=-4398046511104.000 Y=-4398046511104.000 Z=-4398046511104.000), Max=(X=4398046511104.000 Y=4398046511104.000 Z=4398046511104.000) RuntimeGrid:None EditorOnly:0 RuntimeOnly:0 HLODRelevant:0 FolderPath:Lighting FolderGuid:0BA5F0A04EADB18E70D5B180D08FA34B
 |   |   |- Guid:FDF7B357461274A6FDC450BE8A19AA5C BaseClass: NativeClass:/Script/Engine.StaticMeshActor Name:StaticMeshActor_UAID_14DDA9E691067D8E01_1473115151 Label:SM_ChamferCube14 SpatiallyLoaded:1 Bounds:IsValid=true, Min=(X=1170.000 Y=-3040.000 Z=1300.000), Max=(X=1270.000 Y=-2940.000 Z=1400.000) RuntimeGrid:None EditorOnly:0 RuntimeOnly:0 HLODRelevant:0
 |   |- [+] Clusters:
 |   |   |- [+] [  0]
 |   |   |   |- Guid:61391D344900612A77DFC3BA3E354907 BaseClass: NativeClass:/Script/Engine.ExponentialHeightFog Name:ExponentialHeightFog_0 Label:ExponentialHeightFog SpatiallyLoaded:0 Bounds:IsValid=true, Min=(X=-5600.000 Y=-50.000 Z=-6850.000), Max=(X=-5600.000 Y=-50.000 Z=-6850.000) RuntimeGrid:None EditorOnly:0 RuntimeOnly:0 HLODRelevant:0 FolderPath:Lighting FolderGuid:0BA5F0A04EADB18E70D5B180D08FA34B
 |   |   |- [+] [  1]
 |   |   |   |- Guid:5FE7584649BB6F09265329A6C57CFD0D BaseClass: NativeClass:/Script/Engine.VolumetricCloud Name:VolumetricCloud_0 Label:VolumetricCloud SpatiallyLoaded:0 Bounds:IsValid=true, Min=(X=-710.000 Y=-3600.000 Z=1730.000), Max=(X=-710.000 Y=-3600.000 Z=1730.000) RuntimeGrid:None EditorOnly:0 RuntimeOnly:0 HLODRelevant:0 FolderPath:Lighting FolderGuid:0BA5F0A04EADB18E70D5B180D08FA34B
 |   |   |- [+] [  2]
 |   |   |   |- Guid:F80621C9446867154938FE81375207DA BaseClass: NativeClass:/Script/Engine.DirectionalLight Name:DirectionalLight_1 Label:DirectionalLight SpatiallyLoaded:0 Bounds:IsValid=true, Min=(X=-4398046511104.000 Y=-4398046511104.000 Z=-4398046511104.000), Max=(X=4398046511104.000 Y=4398046511104.000 Z=4398046511104.000) RuntimeGrid:None EditorOnly:0 RuntimeOnly:0 HLODRelevant:0 FolderPath:Lighting FolderGuid:0BA5F0A04EADB18E70D5B180D08FA34B
 |   |   |- [+] [  3]
 |   |   |   |- Guid:88B1C6354EB17E72D0817FA67311C29C BaseClass: NativeClass:/Script/Engine.StaticMeshActor Name:StaticMeshActor_UAID_14DDA9E691063E8D01_1197111972 Label:SM_Cube13 SpatiallyLoaded:1 Bounds:IsValid=true, Min=(X=-800.000 Y=4795.000 Z=0.000), Max=(X=175.000 Y=4870.000 Z=2575.000) RuntimeGrid:None EditorOnly:0 RuntimeOnly:0 HLODRelevant:0 FolderPath:Playground FolderGuid:6C02BB504B69D1F3D7A624B130C18E5B
 |   |   |- [+] [  4]
 |   |   |   |- Guid:FDF7B357461274A6FDC450BE8A19AA5C BaseClass: NativeClass:/Script/Engine.StaticMeshActor Name:StaticMeshActor_UAID_14DDA9E691067D8E01_1473115151 Label:SM_ChamferCube14 SpatiallyLoaded:1 Bounds:IsValid=true, Min=(X=1170.000 Y=-3040.000 Z=1300.000), Max=(X=1270.000 Y=-2940.000 Z=1400.000) RuntimeGrid:None EditorOnly:0 RuntimeOnly:0 HLODRelevant:0
 |   |   |- [+] [  5]
 |   |   |   |- Guid:9E90B2794B4AABA7971E5D8BA2D6B602 BaseClass: NativeClass:/Script/Engine.StaticMeshActor Name:StaticMeshActor_UAID_14DDA9E691063C8D01_1878082623 Label:SM_Cube15 SpatiallyLoaded:1 Bounds:IsValid=true, Min=(X=175.000 Y=4795.000 Z=490.000), Max=(X=800.000 Y=4870.000 Z=2575.000) RuntimeGrid:None EditorOnly:0 RuntimeOnly:0 HLODRelevant:0 FolderPath:Playground FolderGuid:6C02BB504B69D1F3D7A624B130C18E5B
 |   |   |- [+] [  6]
 |   |   |   |- Guid:A764C5D6451B2B229D409F958DAB4736 BaseClass:/Game/BP_movable.BP_movable_C NativeClass:/Script/Engine.Actor Name:BP_movable_C_UAID_14DDA9E691067C8E01_1409115950 Label:BP_movable3 SpatiallyLoaded:1 Bounds:IsValid=true, Min=(X=810.000 Y=-2650.000 Z=0.000), Max=(X=860.000 Y=-2600.000 Z=70.000) RuntimeGrid:None EditorOnly:0 RuntimeOnly:0 HLODRelevant:0
 |   |   |- [+] [  7]
 |   |   |   |- Guid:39008FAF4FFD5238523F2A9312BB352D BaseClass:/Game/BP_movable.BP_movable_C NativeClass:/Script/Engine.Actor Name:BP_movable_C_UAID_14DDA9E691067C8E01_1688149953 Label:BP_movable6 SpatiallyLoaded:1 Bounds:IsValid=true, Min=(X=-230.000 Y=-3010.000 Z=390.000), Max=(X=-180.000 Y=-2960.000 Z=460.000) RuntimeGrid:None EditorOnly:0 RuntimeOnly:0 HLODRelevant:0
 |   |   |- [+] [  8]
 |   |   |   |- Guid:1FCB2109416645578BDBCDBBBF7EEA53 BaseClass: NativeClass:/Script/Engine.StaticMeshActor Name:StaticMeshActor_UAID_14DDA9E691067D8E01_1473117154 Label:SM_ChamferCube17 SpatiallyLoaded:1 Bounds:IsValid=true, Min=(X=1170.000 Y=-3040.000 Z=1200.000), Max=(X=1270.000 Y=-2940.000 Z=1300.000) RuntimeGrid:None EditorOnly:0 RuntimeOnly:0 HLODRelevant:0
 |   |   |- [+] [  9]
 |   |   |   |- Guid:17D849F9402C3416445C72B591F85723 BaseClass: NativeClass:/Script/Engine.StaticMeshActor Name:StaticMeshActor_UAID_14DDA9E691063E8D01_1264247973 Label:SM_Cube16 SpatiallyLoaded:1 Bounds:IsValid=true, Min=(X=175.000 Y=-1765.000 Z=0.000), Max=(X=800.000 Y=-1690.000 Z=2085.000) RuntimeGrid:None EditorOnly:0 RuntimeOnly:0 HLODRelevant:0 FolderPath:Playground FolderGuid:6C02BB504B69D1F3D7A624B130C18E5B
 |   |   |- [+] [ 10]
 |   |   |   |- Guid:90B7B8D3420C2EABA931D3A6A69DF696 BaseClass: NativeClass:/Script/Engine.StaticMeshActor Name:StaticMeshActor_3 Label:SM_Cube2 SpatiallyLoaded:1 Bounds:IsValid=true, Min=(X=-810.000 Y=-3940.000 Z=0.000), Max=(X=1790.000 Y=-3640.000 Z=2575.000) RuntimeGrid:None EditorOnly:0 RuntimeOnly:0 HLODRelevant:1 FolderPath:Playground FolderGuid:6C02BB504B69D1F3D7A624B130C18E5B
 |   |   |- [+] [ 11]
 |   |   |   |- Guid:5A5927D7489DC9F5C8E9F1901B037781 BaseClass:/Game/BP_movable.BP_movable_C NativeClass:/Script/Engine.Actor Name:BP_movable_C_UAID_14DDA9E691067C8E01_2114065959 Label:BP_movable12 SpatiallyLoaded:1 Bounds:IsValid=true, Min=(X=580.000 Y=-3370.000 Z=790.000), Max=(X=630.000 Y=-3320.000 Z=860.000) RuntimeGrid:None EditorOnly:0 RuntimeOnly:0 HLODRelevant:0
 |   |   |- [+] [ 12]
 |   |   |   |- Guid:D30A4CA24FE32E4895BB3FB024F40463 BaseClass: NativeClass:/Script/Engine.StaticMeshActor Name:StaticMeshActor_UAID_14DDA9E691067E8E01_1075958335 Label:SM_Cube8 SpatiallyLoaded:1 Bounds:IsValid=true, Min=(X=1395.000 Y=-2700.000 Z=1200.000), Max=(X=1770.000 Y=-2625.000 Z=1500.000) RuntimeGrid:None EditorOnly:0 RuntimeOnly:0 HLODRelevant:1
 |   |   |- [+] [ 13]
 |   |   |   |- Guid:446FFD874D561727069100BD2AF72A7A BaseClass:/Game/BP_movable.BP_movable_C NativeClass:/Script/Engine.Actor Name:BP_movable_C_UAID_14DDA9E691067C8E01_1693385955 Label:BP_movable8 SpatiallyLoaded:1 Bounds:IsValid=true, Min=(X=-160.000 Y=-3540.000 Z=390.000), Max=(X=-110.000 Y=-3490.000 Z=460.000) RuntimeGrid:None EditorOnly:0 RuntimeOnly:0 HLODRelevant:0
 |   |   |- [+] [ 14]
 |   |   |   |- Guid:61439236456EAF3B917213B40427ED63 BaseClass:/Game/BP_movable.BP_movable_C NativeClass:/Script/Engine.Actor Name:BP_movable_C_UAID_14DDA9E691067C8E01_1406571949 Label:BP_movable2 SpatiallyLoaded:1 Bounds:IsValid=true, Min=(X=-570.000 Y=-1860.000 Z=0.000), Max=(X=-520.000 Y=-1810.000 Z=70.000) RuntimeGrid:None EditorOnly:0 RuntimeOnly:0 HLODRelevant:0
 |   |   |- [+] [ 15]
 |   |   |   |- Guid:DB45FAEA4731E993FF4BEE895A39D451 BaseClass: NativeClass:/Script/Engine.StaticMeshActor Name:StaticMeshActor_UAID_14DDA9E691067D8E01_2103815158 Label:SM_Cube7 SpatiallyLoaded:1 Bounds:IsValid=true, Min=(X=1090.000 Y=-3040.000 Z=1700.000), Max=(X=1790.000 Y=-2615.000 Z=1750.000) RuntimeGrid:None EditorOnly:0 RuntimeOnly:0 HLODRelevant:1
 |   |   |- [+] [ 16]
 |   |   |   |- Guid:D5E3364144696A5BD83470A90B3BAAAE BaseClass:/Game/BP_movable.BP_movable_C NativeClass:/Script/Engine.Actor Name:BP_movable_C_UAID_14DDA9E691067C8E01_2110421958 Label:BP_movable11 SpatiallyLoaded:1 Bounds:IsValid=true, Min=(X=430.000 Y=-3310.000 Z=790.000), Max=(X=480.000 Y=-3260.000 Z=860.000) RuntimeGrid:None EditorOnly:0 RuntimeOnly:0 HLODRelevant:0
 |   |   |- [+] [ 17]
 |   |   |   |- Guid:EE1FF0B64828875C9119F8BD4D5B96C0 BaseClass: NativeClass:/Script/Engine.StaticMeshActor Name:StaticMeshActor_UAID_14DDA9E691067B8E01_1775087763 Label:SM_Cube19 SpatiallyLoaded:1 Bounds:IsValid=true, Min=(X=895.000 Y=-3630.000 Z=-75.000), Max=(X=1770.000 Y=-1755.000 Z=1200.000) RuntimeGrid:None EditorOnly:0 RuntimeOnly:0 HLODRelevant:0 FolderPath:Playground FolderGuid:6C02BB504B69D1F3D7A624B130C18E5B
 |   |   |- [+] [ 18]
 |   |   |   |- Guid:CA061EBB4DE409DC8FFC7E8E5D312960 BaseClass: NativeClass:/Script/Engine.StaticMeshActor Name:StaticMeshActor_UAID_14DDA9E691063C8D01_1388418620 Label:SM_Cube12 SpatiallyLoaded:1 Bounds:IsValid=true, Min=(X=790.000 Y=4795.000 Z=0.000), Max=(X=1765.000 Y=4870.000 Z=2575.000) RuntimeGrid:None EditorOnly:0 RuntimeOnly:0 HLODRelevant:0 FolderPath:Playground FolderGuid:6C02BB504B69D1F3D7A624B130C18E5B
 |   |   |- [+] [ 19]
 |   |   |   |- Guid:1206A92B4D8CFA93B9650CB08D28A37C BaseClass: NativeClass:/Script/Engine.StaticMeshActor Name:StaticMeshActor_UAID_14DDA9E691063E8D01_1264250975 Label:SM_Cube17 SpatiallyLoaded:1 Bounds:IsValid=true, Min=(X=-800.000 Y=-1775.000 Z=0.000), Max=(X=175.000 Y=-1700.000 Z=2575.000) RuntimeGrid:None EditorOnly:0 RuntimeOnly:0 HLODRelevant:0 FolderPath:Playground FolderGuid:6C02BB504B69D1F3D7A624B130C18E5B
 |   |   |- [+] [ 20]
 |   |   |   |- Guid:379AF0BF49ECD343FA292C910D7259E7 BaseClass: NativeClass:/Script/Engine.StaticMeshActor Name:StaticMeshActor_UAID_14DDA9E691067B8E01_1909900765 Label:SM_Cube21 SpatiallyLoaded:1 Bounds:IsValid=true, Min=(X=-905.000 Y=-3630.000 Z=-60.000), Max=(X=-5.000 Y=-2730.000 Z=390.000) RuntimeGrid:None EditorOnly:0 RuntimeOnly:0 HLODRelevant:0 FolderPath:Playground FolderGuid:6C02BB504B69D1F3D7A624B130C18E5B
 |   |   |- [+] [ 21]
 |   |   |   |- Guid:DCA4397C45F20EEAA12B2F80D538DEE1 BaseClass:/Game/BP_movable.BP_movable_C NativeClass:/Script/Engine.Actor Name:BP_movable_C_UAID_14DDA9E691067C8E01_1410779951 Label:BP_movable4 SpatiallyLoaded:1 Bounds:IsValid=true, Min=(X=820.000 Y=-2030.000 Z=0.000), Max=(X=870.000 Y=-1980.000 Z=70.000) RuntimeGrid:None EditorOnly:0 RuntimeOnly:0 HLODRelevant:0
 |   |   |- [+] [ 22]
 |   |   |   |- Guid:890061AD4F87050B5414CB825D39DD1E BaseClass: NativeClass:/Script/Engine.StaticMeshActor Name:StaticMeshActor_UAID_14DDA9E691067D8E01_1473117153 Label:SM_ChamferCube16 SpatiallyLoaded:1 Bounds:IsValid=true, Min=(X=1270.000 Y=-3040.000 Z=1200.000), Max=(X=1370.000 Y=-2940.000 Z=1300.000) RuntimeGrid:None EditorOnly:0 RuntimeOnly:0 HLODRelevant:0
 |   |   |- [+] [ 23]
 |   |   |   |- Guid:88AC7F014934159999C00590C56CA328 BaseClass: NativeClass:/Script/Engine.StaticMeshActor Name:StaticMeshActor_UAID_14DDA9E691063E8D01_1264249974 Label:SM_Cube14 SpatiallyLoaded:1 Bounds:IsValid=true, Min=(X=790.000 Y=-1775.000 Z=0.000), Max=(X=1765.000 Y=-1700.000 Z=2575.000) RuntimeGrid:None EditorOnly:0 RuntimeOnly:0 HLODRelevant:0 FolderPath:Playground FolderGuid:6C02BB504B69D1F3D7A624B130C18E5B
 |   |   |- [+] [ 24]
 |   |   |   |- Guid:E5320C1B4FD9764CE7B54D8487AEC613 BaseClass: NativeClass:/Script/Engine.SkyLight Name:SkyLight_0 Label:SkyLight SpatiallyLoaded:0 Bounds:IsValid=true, Min=(X=-710.000 Y=-3600.000 Z=1535.000), Max=(X=-710.000 Y=-3600.000 Z=1535.000) RuntimeGrid:None EditorOnly:0 RuntimeOnly:0 HLODRelevant:0 FolderPath:Lighting FolderGuid:0BA5F0A04EADB18E70D5B180D08FA34B
 |   |   |- [+] [ 25]
 |   |   |   |- Guid:49D959B94766E967DA17F1895E97DE1C BaseClass:/Game/BP_movable.BP_movable_C NativeClass:/Script/Engine.Actor Name:BP_movable_C_UAID_14DDA9E691067C8E01_1694760956 Label:BP_movable9 SpatiallyLoaded:1 Bounds:IsValid=true, Min=(X=-160.000 Y=-3550.000 Z=570.000), Max=(X=-110.000 Y=-3500.000 Z=640.000) RuntimeGrid:None EditorOnly:0 RuntimeOnly:0 HLODRelevant:0
 |   |   |- [+] [ 26]
 |   |   |   |- Guid:F07F1AF64C7C7C238EE1B4BF8C122DD8 BaseClass: NativeClass:/Script/Engine.StaticMeshActor Name:StaticMeshActor_4 Label:SM_Cube3 SpatiallyLoaded:1 Bounds:IsValid=true, Min=(X=-802.107 Y=5960.000 Z=0.000), Max=(X=1772.893 Y=6260.000 Z=2575.000) RuntimeGrid:None EditorOnly:0 RuntimeOnly:0 HLODRelevant:1 FolderPath:Playground FolderGuid:6C02BB504B69D1F3D7A624B130C18E5B
 |   |   |- [+] [ 27]
 |   |   |   |- Guid:191A622C42FC2D52059356B23E304F39 BaseClass:/Game/BP_movable.BP_movable_C NativeClass:/Script/Engine.Actor Name:BP_movable_C_UAID_14DDA9E691067C8E01_1403767948 Label:BP_movable SpatiallyLoaded:1 Bounds:IsValid=true, Min=(X=-750.000 Y=-2520.000 Z=0.000), Max=(X=-700.000 Y=-2470.000 Z=70.000) RuntimeGrid:None EditorOnly:0 RuntimeOnly:0 HLODRelevant:0
 |   |   |- [+] [ 28]
 |   |   |   |- Guid:AB8D6EED46C9658A6DC6FA8334898EA7 BaseClass:/Game/BP_movable.BP_movable_C NativeClass:/Script/Engine.Actor Name:BP_movable_C_UAID_14DDA9E691067C8E01_2102375957 Label:BP_movable10 SpatiallyLoaded:1 Bounds:IsValid=true, Min=(X=580.000 Y=-3190.000 Z=790.000), Max=(X=630.000 Y=-3140.000 Z=860.000) RuntimeGrid:None EditorOnly:0 RuntimeOnly:0 HLODRelevant:0
 |   |   |- [+] [ 29]
 |   |   |   |- Guid:3F2D1CF74DB2AB9CC149FDB3B6E100E1 BaseClass: NativeClass:/Script/Engine.StaticMeshActor Name:StaticMeshActor_UAID_14DDA9E691067D8E01_1473111147 Label:SM_ChamferCube10 SpatiallyLoaded:1 Bounds:IsValid=true, Min=(X=1270.000 Y=-3040.000 Z=1400.000), Max=(X=1370.000 Y=-2940.000 Z=1500.000) RuntimeGrid:None EditorOnly:0 RuntimeOnly:0 HLODRelevant:0
 |   |   |- [+] [ 30]
 |   |   |   |- Guid:DF18E0FA48D74CFBD3B5CABCD9DA1187 BaseClass: NativeClass:/Script/Engine.StaticMeshActor Name:StaticMeshActor_UAID_14DDA9E691067D8E01_1755354156 Label:SM_Cube4 SpatiallyLoaded:1 Bounds:IsValid=true, Min=(X=895.000 Y=-2940.000 Z=1200.000), Max=(X=1395.000 Y=-2615.000 Z=1500.000) RuntimeGrid:None EditorOnly:0 RuntimeOnly:0 HLODRelevant:1
 |   |   |- [+] [ 31]
 |   |   |   |- Guid:78CAF7514C7533F30BD2F19A017AAB65 BaseClass: NativeClass:/Script/Engine.StaticMeshActor Name:StaticMeshActor_0 Label:SM_Cube SpatiallyLoaded:1 Bounds:IsValid=true, Min=(X=-802.107 Y=-3640.000 Z=-275.000), Max=(X=1772.893 Y=5985.000 Z=0.000) RuntimeGrid:None EditorOnly:0 RuntimeOnly:0 HLODRelevant:1 FolderPath:Playground FolderGuid:6C02BB504B69D1F3D7A624B130C18E5B
 |   |   |- [+] [ 32]
 |   |   |   |- Guid:2E27DA5D430DAA3B512380949BD5A7EF BaseClass: NativeClass:/Script/Engine.StaticMeshActor Name:StaticMeshActor_UAID_14DDA9E691063E8D01_1303067976 Label:SM_Cube18 SpatiallyLoaded:1 Bounds:IsValid=true, Min=(X=-35.000 Y=-1705.000 Z=2010.000), Max=(X=965.000 Y=-1230.000 Z=2085.000) RuntimeGrid:None EditorOnly:0 RuntimeOnly:0 HLODRelevant:0 FolderPath:Playground FolderGuid:6C02BB504B69D1F3D7A624B130C18E5B
 |   |   |- [+] [ 33]
 |   |   |   |- Guid:A354B1B24E617A525DC6B48CCDE2417E BaseClass: NativeClass:/Script/Engine.PlayerStart Name:PlayerStart_0 Label:PlayerStart SpatiallyLoaded:0 Bounds:IsValid=true, Min=(X=-71.269 Y=-2341.269 Z=60.013), Max=(X=31.269 Y=-2238.731 Z=244.013) RuntimeGrid:None EditorOnly:0 RuntimeOnly:0 HLODRelevant:0
 |   |   |- [+] [ 34]
 |   |   |   |- Guid:F3A5BC644ADAB31DB598588F29B0211F BaseClass: NativeClass:/Script/Engine.StaticMeshActor Name:StaticMeshActor_UAID_14DDA9E691067D8E01_1473114150 Label:SM_ChamferCube13 SpatiallyLoaded:1 Bounds:IsValid=true, Min=(X=1270.000 Y=-3040.000 Z=1300.000), Max=(X=1370.000 Y=-2940.000 Z=1400.000) RuntimeGrid:None EditorOnly:0 RuntimeOnly:0 HLODRelevant:0
 |   |   |- [+] [ 35]
 |   |   |   |- Guid:27F4DAF94474E8A1B645A2980F699FCE BaseClass: NativeClass:/Script/Engine.StaticMeshActor Name:StaticMeshActor_UAID_14DDA9E691067D8E01_1473113149 Label:SM_ChamferCube12 SpatiallyLoaded:1 Bounds:IsValid=true, Min=(X=1070.000 Y=-3040.000 Z=1400.000), Max=(X=1170.000 Y=-2940.000 Z=1500.000) RuntimeGrid:None EditorOnly:0 RuntimeOnly:0 HLODRelevant:0
 |   |   |- [+] [ 36]
 |   |   |   |- Guid:E19987D14367913D952C41871E907A6A BaseClass: NativeClass:/Script/Engine.StaticMeshActor Name:StaticMeshActor_UAID_14DDA9E691067D8E01_1473118155 Label:SM_ChamferCube18 SpatiallyLoaded:1 Bounds:IsValid=true, Min=(X=1070.000 Y=-3040.000 Z=1200.000), Max=(X=1170.000 Y=-2940.000 Z=1300.000) RuntimeGrid:None EditorOnly:0 RuntimeOnly:0 HLODRelevant:0
 |   |   |- [+] [ 37]
 |   |   |   |- Guid:CC4C46B241EA7F863E8860A530660E3F BaseClass: NativeClass:/Script/Engine.PlayerStart Name:PlayerStart_UAID_14DDA9E691067D8E01_1473108146 Label:PlayerStart2 SpatiallyLoaded:0 Bounds:IsValid=true, Min=(X=1938.731 Y=-2189.987 Z=508.732), Max=(X=2041.269 Y=-2005.987 Z=611.269) RuntimeGrid:None EditorOnly:0 RuntimeOnly:0 HLODRelevant:0
 |   |   |- [+] [ 38]
 |   |   |   |- Guid:0EDB289B45CB7E0977A6DBA74201EE76 BaseClass: NativeClass:/Script/Engine.StaticMeshActor Name:StaticMeshActor_10 Label:SM_Cube6 SpatiallyLoaded:1 Bounds:IsValid=true, Min=(X=1770.000 Y=-3640.000 Z=0.000), Max=(X=2070.000 Y=5985.000 Z=2575.000) RuntimeGrid:None EditorOnly:0 RuntimeOnly:0 HLODRelevant:0 FolderPath:Playground FolderGuid:6C02BB504B69D1F3D7A624B130C18E5B
 |   |   |- [+] [ 39]
 |   |   |   |- Guid:81F77E93409B5AF32B31889B9A91D2DB BaseClass: NativeClass:/Script/Engine.StaticMeshActor Name:StaticMeshActor_UAID_14DDA9E691067D8E01_1473112148 Label:SM_ChamferCube11 SpatiallyLoaded:1 Bounds:IsValid=true, Min=(X=1170.000 Y=-3040.000 Z=1400.000), Max=(X=1270.000 Y=-2940.000 Z=1500.000) RuntimeGrid:None EditorOnly:0 RuntimeOnly:0 HLODRelevant:0
 |   |   |- [+] [ 40]
 |   |   |   |- Guid:AB12ECEB44051DA90B61F480AE8683C0 BaseClass: NativeClass:/Script/Engine.StaticMeshActor Name:StaticMeshActor_UAID_14DDA9E691067B8E01_1863812764 Label:SM_Cube20 SpatiallyLoaded:1 Bounds:IsValid=true, Min=(X=-5.000 Y=-3630.000 Z=-85.000), Max=(X=895.000 Y=-2730.000 Z=790.000) RuntimeGrid:None EditorOnly:0 RuntimeOnly:0 HLODRelevant:0 FolderPath:Playground FolderGuid:6C02BB504B69D1F3D7A624B130C18E5B
 |   |   |- [+] [ 41]
 |   |   |   |- Guid:E9310F8B446E38277139CDAF3BBD376E BaseClass: NativeClass:/Script/Engine.StaticMeshActor Name:StaticMeshActor_UAID_14DDA9E691067D8E01_1473116152 Label:SM_ChamferCube15 SpatiallyLoaded:1 Bounds:IsValid=true, Min=(X=1070.000 Y=-3040.000 Z=1300.000), Max=(X=1170.000 Y=-2940.000 Z=1400.000) RuntimeGrid:None EditorOnly:0 RuntimeOnly:0 HLODRelevant:0
 |   |   |- [+] [ 42]
 |   |   |   |- Guid:51600D5B4BDB6029EA38C59EBA7EEA29 BaseClass: NativeClass:/Script/Engine.StaticMeshActor Name:StaticMeshActor_UAID_14DDA9E691067E8E01_1299745338 Label:SM_Cube10 SpatiallyLoaded:1 Bounds:IsValid=true, Min=(X=1090.000 Y=-3040.000 Z=1500.000), Max=(X=1365.000 Y=-2940.000 Z=1700.000) RuntimeGrid:None EditorOnly:0 RuntimeOnly:0 HLODRelevant:1
 |   |   |- [+] [ 43]
 |   |   |   |- Guid:C22CE07C4B87D685137FDBBC10FC92C6 BaseClass: NativeClass:/Script/Engine.SkyAtmosphere Name:SkyAtmosphere_0 Label:SkyAtmosphere SpatiallyLoaded:0 Bounds:IsValid=true, Min=(X=-710.000 Y=-3600.000 Z=1930.000), Max=(X=-710.000 Y=-3600.000 Z=1930.000) RuntimeGrid:None EditorOnly:0 RuntimeOnly:0 HLODRelevant:0 FolderPath:Lighting FolderGuid:0BA5F0A04EADB18E70D5B180D08FA34B
 |   |   |- [+] [ 44]
 |   |   |   |- Guid:3F8513C0472173337C068DA9F0F42A07 BaseClass:/Game/BP_movable.BP_movable_C NativeClass:/Script/Engine.Actor Name:BP_movable_C_UAID_14DDA9E691067C8E01_1412194952 Label:BP_movable5 SpatiallyLoaded:1 Bounds:IsValid=true, Min=(X=210.000 Y=-2220.000 Z=0.000), Max=(X=260.000 Y=-2170.000 Z=70.000) RuntimeGrid:None EditorOnly:0 RuntimeOnly:0 HLODRelevant:0
 |   |   |- [+] [ 45]
 |   |   |   |- Guid:C0C56B9644AE3D40CAFF6A878DB29844 BaseClass: NativeClass:/Script/Engine.StaticMeshActor Name:StaticMeshActor_UAID_A4AE111137DC5EFB00_2001720423 Label:SM_SkySphere SpatiallyLoaded:0 Bounds:IsValid=true, Min=(X=-1641158.000 Y=-1644118.000 Z=-1637491.026), Max=(X=1639738.000 Y=1636778.000 Z=1639308.974) RuntimeGrid:None EditorOnly:0 RuntimeOnly:0 HLODRelevant:1 FolderPath:Lighting FolderGuid:0BA5F0A04EADB18E70D5B180D08FA34B
 |   |   |- [+] [ 46]
 |   |   |   |- Guid:6FEFB3BD4EB37B849EF0D4AC80F83855 BaseClass: NativeClass:/Script/Engine.WorldDataLayers Name:WorldDataLayers Label:WorldDataLayers SpatiallyLoaded:0 Bounds:IsValid=true, Min=(X=0.000 Y=0.000 Z=0.000), Max=(X=0.000 Y=0.000 Z=0.000) RuntimeGrid:None EditorOnly:0 RuntimeOnly:0 HLODRelevant:0
 |   |   |- [+] [ 47]
 |   |   |   |- Guid:5C538DE44E9F6CAC7FACF5AE5F17399E BaseClass:/Game/BP_movable.BP_movable_C NativeClass:/Script/Engine.Actor Name:BP_movable_C_UAID_14DDA9E691067C8E01_1691596954 Label:BP_movable7 SpatiallyLoaded:1 Bounds:IsValid=true, Min=(X=-160.000 Y=-3370.000 Z=390.000), Max=(X=-110.000 Y=-3320.000 Z=460.000) RuntimeGrid:None EditorOnly:0 RuntimeOnly:0 HLODRelevant:0
 |   |   |- [+] [ 48]
 |   |   |   |- Guid:52B1933B4B7FABCB7508CF9ED34941BE BaseClass: NativeClass:/Script/Engine.StaticMeshActor Name:StaticMeshActor_UAID_14DDA9E691067B8E01_1967243766 Label:SM_Cube22 SpatiallyLoaded:1 Bounds:IsValid=true, Min=(X=895.000 Y=-2630.000 Z=1200.000), Max=(X=1795.000 Y=-1730.000 Z=2000.000) RuntimeGrid:None EditorOnly:0 RuntimeOnly:0 HLODRelevant:0 FolderPath:Playground FolderGuid:6C02BB504B69D1F3D7A624B130C18E5B
 |   |   |- [+] [ 49]
 |   |   |   |- Guid:74BCC7B142ED21E33564648EF4E7B3DC BaseClass: NativeClass:/Script/Engine.StaticMeshActor Name:StaticMeshActor_UAID_14DDA9E691067E8E01_1238300337 Label:SM_Cube9 SpatiallyLoaded:1 Bounds:IsValid=true, Min=(X=895.000 Y=-3040.000 Z=1200.000), Max=(X=995.000 Y=-2940.000 Z=1500.000) RuntimeGrid:None EditorOnly:0 RuntimeOnly:0 HLODRelevant:1
 |   |   |- [+] [ 50]
 |   |   |   |- Guid:CC00534E4E1415304A749A91853934A7 BaseClass: NativeClass:/Script/Engine.StaticMeshActor Name:StaticMeshActor_UAID_14DDA9E691067D8E01_1792567157 Label:SM_Ramp SpatiallyLoaded:1 Bounds:IsValid=true, Min=(X=1395.000 Y=-3540.000 Z=1200.000), Max=(X=1770.000 Y=-3040.000 Z=1500.000) RuntimeGrid:None EditorOnly:0 RuntimeOnly:0 HLODRelevant:1
 |   |   |- [+] [ 51]
 |   |   |   |- Guid:CE8D82634660FCDB3120E2B8D547C533 BaseClass: NativeClass:/Script/Engine.PostProcessVolume Name:PostProcessVolume_0 Label:PostProcessVolume SpatiallyLoaded:0 Bounds:IsValid=true, Min=(X=-710.000 Y=-3600.000 Z=1100.000), Max=(X=-410.000 Y=-3300.000 Z=1400.000) RuntimeGrid:None EditorOnly:0 RuntimeOnly:0 HLODRelevant:0 FolderPath:Lighting FolderGuid:0BA5F0A04EADB18E70D5B180D08FA34B
 |   |   |- [+] [ 52]
 |   |   |   |- Guid:8559D1384B14F466E8927697A36C1D78 BaseClass: NativeClass:/Script/Engine.StaticMeshActor Name:StaticMeshActor_9 Label:SM_Cube5 SpatiallyLoaded:1 Bounds:IsValid=true, Min=(X=-1090.000 Y=-3630.000 Z=0.000), Max=(X=-790.000 Y=5970.000 Z=2575.000) RuntimeGrid:None EditorOnly:0 RuntimeOnly:0 HLODRelevant:1 FolderPath:Playground FolderGuid:6C02BB504B69D1F3D7A624B130C18E5B
 |   |   |- [+] [ 53]
 |   |   |   |- Guid:07E89056418CCB358B78A2984092C0C4 BaseClass:/Game/Platform/Disappearing.Disappearing_C NativeClass:/Script/Engine.Actor Name:Disappearing_C_UAID_14DDA9E691066F8F01_1257909703 Label:Disappearing SpatiallyLoaded:1 Bounds:IsValid=true, Min=(X=272.000 Y=-2858.000 Z=750.016), Max=(X=688.000 Y=-2442.000 Z=832.000) RuntimeGrid:None EditorOnly:0 RuntimeOnly:0 HLODRelevant:0
 |   |   |- [+] [ 54]
 |   |   |   |- Guid:A6861BBD449E788441929C8335BCD432 BaseClass:/Game/BP_battery.BP_battery_C NativeClass:/Script/Engine.Actor Name:BP_battery_C_UAID_14DDA9ED1DE20A9001_1705113984 Label:BP_battery SpatiallyLoaded:1 Bounds:IsValid=true, Min=(X=646.938 Y=-1522.198 Z=672.767), Max=(X=696.938 Y=-1472.198 Z=774.455) RuntimeGrid:None EditorOnly:0 RuntimeOnly:0 HLODRelevant:0
 |   |   |- [+] [ 55]
 |   |   |   |- Guid:8EF9EF994D0DF547E3D38D8B6150BD2C BaseClass:/Game/BP_holder.BP_holder_C NativeClass:/Script/Engine.Actor Name:BP_holder_C_UAID_14DDA9ED1DE20A9001_1699876983 Label:BP_holder SpatiallyLoaded:1 Bounds:IsValid=true, Min=(X=617.000 Y=-1568.537 Z=9.066), Max=(X=703.000 Y=-1488.000 Z=130.000) RuntimeGrid:None EditorOnly:0 RuntimeOnly:0 HLODRelevant:0
 |   |   |- [+] [ 56]
 |   |   |   |- Guid:5129BC85422557604F0355B77289DD9D BaseClass:/Game/BP_holder.BP_holder_C NativeClass:/Script/Engine.Actor Name:BP_holder_C_UAID_14DDA9ED1DE20B9001_1413742161 Label:BP_holder SpatiallyLoaded:1 Bounds:IsValid=true, Min=(X=47.000 Y=-2078.537 Z=9.066), Max=(X=133.000 Y=-1998.000 Z=130.000) RuntimeGrid:None EditorOnly:0 RuntimeOnly:0 HLODRelevant:0
 |   |   |- [+] [ 57]
 |   |   |   |- Guid:F26AF65D4F541945DC73668A55B6F6F7 BaseClass:/Game/BP_battery.BP_battery_C NativeClass:/Script/Engine.Actor Name:BP_battery_C_UAID_14DDA9ED1DE20B9001_1424121162 Label:BP_battery SpatiallyLoaded:1 Bounds:IsValid=true, Min=(X=-83.062 Y=-2322.198 Z=2.767), Max=(X=-33.062 Y=-2272.198 Z=104.455) RuntimeGrid:None EditorOnly:0 RuntimeOnly:0 HLODRelevant:0
 |- ContainerInstances:
 |- [+] MainContainer:
 |   |-        ID: 0x0000000000000000
 |   |-    Bounds: IsValid=false, Min=(X=0.000 Y=0.000 Z=0.000), Max=(X=0.000 Y=0.000 Z=0.000)
 |   |- Transform: 0.000000,0.000000,0.000000|0.000000,0.000000,-0.000000|1.000000,1.000000,1.000000
 |   |- Container: /Game/FirstPerson/Maps/FirstPersonMap
----------------------------------------------------------------------------------------------------------------
FirstPersonMap - Persistent Level
----------------------------------------------------------------------------------------------------------------
Always loaded Actor Count: 86 

----------------------------------------------------------------------------------------------------------------
FirstPersonMap - Runtime Spatial Hash - Streaming Grid - MainGrid
----------------------------------------------------------------------------------------------------------------
            Origin: X=0.000 Y=0.000 Z=0.000
         Cell Size: 12800
      World Bounds: IsValid=false, Min=(X=0.000 Y=0.000 Z=0.000), Max=(X=0.000 Y=0.000 Z=0.000)
     Loading Range: 25600.00
Block Slow Loading: No
 ClientOnlyVisible: No

[+] Grid Levels: 1
 |- Level  0: Cell Count    0 | Cell Size   12800 | Actor Count    0 (0.0%)

[+] Content of Grid Level 0

